<?xml version="1.0" encoding="UTF-8" standalone="yes"?>
<testsuites time="0.501" tests="3" failures="2" errors="1">
    <testsuite tests="3" failures="2" errors="1" time="0.501" timestamp="2018-04-06T15:12:41">
        <properties>
            <property name="awt.toolkit" value="sun.lwawt.macosx.LWCToolkit"/>
            <property name="classworlds.conf" value="/usr/local/etc/apache-maven/bin/m2.conf"/>
            <property name="env.Apple_PubSub_Socket_Render" value="/private/tmp/com.apple.launchd.g8ahsAP2hi/Render"/>
            <property name="env.DISPLAY" value="/private/tmp/com.apple.launchd.3thdbLcVDu/org.macosforge.xquartz:0"/>
            <property name="env.HOME" value="/Users/schroeja"/>
            <property name="env.JAVA_HOME" value="/Library/Java/JavaVirtualMachines/jdk1.8.0_121.jdk/Contents/Home"/>
            <property name="env.JAVA_MAIN_CLASS_15908" value="org.codehaus.plexus.classworlds.launcher.Launcher"/>
            <property name="env.LANG" value="en_US.UTF-8"/>
            <property name="env.LOGNAME" value="schroeja"/>
            <property name="env.MAVEN_CMD_LINE_ARGS" value=" graphwalker:test"/>
            <property name="env.MAVEN_PROJECTBASEDIR" value="/Users/schroeja/IdeaProjects/Pong"/>
            <property name="env.OLDPWD" value="/Users/schroeja/IdeaProjects/Pong"/>
            <property name="env.PATH" value="/Library/Frameworks/Python.framework/Versions/3.6/bin:/usr/local/bin:/usr/bin:/bin:/usr/sbin:/sbin:/Library/TeX/texbin:/usr/local/go/bin:/opt/X11/bin:/usr/local/etc/apache-maven/bin"/>
            <property name="env.PWD" value="/Users/schroeja/IdeaProjects/Pong"/>
            <property name="env.SHELL" value="/bin/bash"/>
            <property name="env.SHLVL" value="1"/>
            <property name="env.SSH_AUTH_SOCK" value="/private/tmp/com.apple.launchd.INvFZkwq4v/Listeners"/>
            <property name="env.TERM" value="xterm-256color"/>
            <property name="env.TERM_PROGRAM" value="Apple_Terminal"/>
            <property name="env.TERM_PROGRAM_VERSION" value="400"/>
            <property name="env.TERM_SESSION_ID" value="3AFD7E35-ABF8-471A-AFFD-01EC4F7A0FEB"/>
            <property name="env.TMPDIR" value="/var/folders/3d/9m4wl7p13j114fjfdypl4d2w0000gn/T/"/>
            <property name="env.USER" value="schroeja"/>
            <property name="env.XPC_FLAGS" value="0x0"/>
            <property name="env.XPC_SERVICE_NAME" value="0"/>
            <property name="env.__CF_USER_TEXT_ENCODING" value="0x1F5:0x0:0x0"/>
            <property name="file.encoding" value="UTF-8"/>
            <property name="file.encoding.pkg" value="sun.io"/>
            <property name="file.separator" value="/"/>
            <property name="ftp.nonProxyHosts" value="local|*.local|169.254/16|*.169.254/16"/>
            <property name="gopherProxySet" value="false"/>
            <property name="http.nonProxyHosts" value="local|*.local|169.254/16|*.169.254/16"/>
            <property name="java.awt.graphicsenv" value="sun.awt.CGraphicsEnvironment"/>
            <property name="java.awt.printerjob" value="sun.lwawt.macosx.CPrinterJob"/>
            <property name="java.class.path" value="/usr/local/etc/apache-maven/boot/plexus-classworlds-2.5.2.jar"/>
            <property name="java.class.version" value="52.0"/>
            <property name="java.endorsed.dirs" value="/Library/Java/JavaVirtualMachines/jdk1.8.0_121.jdk/Contents/Home/jre/lib/endorsed"/>
            <property name="java.ext.dirs" value="/Users/schroeja/Library/Java/Extensions:/Library/Java/JavaVirtualMachines/jdk1.8.0_121.jdk/Contents/Home/jre/lib/ext:/Library/Java/Extensions:/Network/Library/Java/Extensions:/System/Library/Java/Extensions:/usr/lib/java"/>
            <property name="java.home" value="/Library/Java/JavaVirtualMachines/jdk1.8.0_121.jdk/Contents/Home/jre"/>
            <property name="java.io.tmpdir" value="/var/folders/3d/9m4wl7p13j114fjfdypl4d2w0000gn/T/"/>
            <property name="java.library.path" value="/Users/schroeja/Library/Java/Extensions:/Library/Java/Extensions:/Network/Library/Java/Extensions:/System/Library/Java/Extensions:/usr/lib/java:."/>
            <property name="java.runtime.name" value="Java(TM) SE Runtime Environment"/>
            <property name="java.runtime.version" value="1.8.0_121-b13"/>
            <property name="java.specification.name" value="Java Platform API Specification"/>
            <property name="java.specification.vendor" value="Oracle Corporation"/>
            <property name="java.specification.version" value="1.8"/>
            <property name="java.vendor" value="Oracle Corporation"/>
            <property name="java.vendor.url" value="http://java.oracle.com/"/>
            <property name="java.vendor.url.bug" value="http://bugreport.sun.com/bugreport/"/>
            <property name="java.version" value="1.8.0_121"/>
            <property name="java.vm.info" value="mixed mode"/>
            <property name="java.vm.name" value="Java HotSpot(TM) 64-Bit Server VM"/>
            <property name="java.vm.specification.name" value="Java Virtual Machine Specification"/>
            <property name="java.vm.specification.vendor" value="Oracle Corporation"/>
            <property name="java.vm.specification.version" value="1.8"/>
            <property name="java.vm.vendor" value="Oracle Corporation"/>
            <property name="java.vm.version" value="25.121-b13"/>
            <property name="library.jansi.path" value="/usr/local/etc/apache-maven/lib/jansi-native"/>
            <property name="line.separator" value="&#xA;"/>
            <property name="maven.build.version" value="Apache Maven 3.5.2 (138edd61fd100ec658bfa2d307c43b76940a5d7d; 2017-10-18T09:58:13+02:00)"/>
            <property name="maven.conf" value="/usr/local/etc/apache-maven/conf"/>
            <property name="maven.home" value="/usr/local/etc/apache-maven"/>
            <property name="maven.multiModuleProjectDirectory" value="/Users/schroeja/IdeaProjects/Pong"/>
            <property name="maven.version" value="3.5.2"/>
            <property name="os.arch" value="x86_64"/>
            <property name="os.name" value="Mac OS X"/>
            <property name="os.version" value="10.13.3"/>
            <property name="path.separator" value=":"/>
            <property name="socksNonProxyHosts" value="local|*.local|169.254/16|*.169.254/16"/>
            <property name="sun.arch.data.model" value="64"/>
            <property name="sun.boot.class.path" value="/Library/Java/JavaVirtualMachines/jdk1.8.0_121.jdk/Contents/Home/jre/lib/resources.jar:/Library/Java/JavaVirtualMachines/jdk1.8.0_121.jdk/Contents/Home/jre/lib/rt.jar:/Library/Java/JavaVirtualMachines/jdk1.8.0_121.jdk/Contents/Home/jre/lib/sunrsasign.jar:/Library/Java/JavaVirtualMachines/jdk1.8.0_121.jdk/Contents/Home/jre/lib/jsse.jar:/Library/Java/JavaVirtualMachines/jdk1.8.0_121.jdk/Contents/Home/jre/lib/jce.jar:/Library/Java/JavaVirtualMachines/jdk1.8.0_121.jdk/Contents/Home/jre/lib/charsets.jar:/Library/Java/JavaVirtualMachines/jdk1.8.0_121.jdk/Contents/Home/jre/lib/jfr.jar:/Library/Java/JavaVirtualMachines/jdk1.8.0_121.jdk/Contents/Home/jre/classes"/>
            <property name="sun.boot.library.path" value="/Library/Java/JavaVirtualMachines/jdk1.8.0_121.jdk/Contents/Home/jre/lib"/>
            <property name="sun.cpu.endian" value="little"/>
            <property name="sun.cpu.isalist" value=""/>
            <property name="sun.io.unicode.encoding" value="UnicodeBig"/>
            <property name="sun.java.command" value="org.codehaus.plexus.classworlds.launcher.Launcher graphwalker:test"/>
            <property name="sun.java.launcher" value="SUN_STANDARD"/>
            <property name="sun.jnu.encoding" value="UTF-8"/>
            <property name="sun.management.compiler" value="HotSpot 64-Bit Tiered Compilers"/>
            <property name="sun.os.patch.level" value="unknown"/>
            <property name="user.country" value="US"/>
            <property name="user.dir" value="/Users/schroeja/IdeaProjects/Pong"/>
            <property name="user.home" value="/Users/schroeja"/>
            <property name="user.language" value="en"/>
            <property name="user.name" value="schroeja"/>
            <property name="user.timezone" value=""/>
        </properties>
        <testcase name="PongPongModelAdvanced" time="0.167" classname="com.mbt.PongPongModelAdvanced">
            <error type="java.lang.AssertionError" message="expected:&lt;1&gt; but was:&lt;0&gt;">
                java.lang.AssertionError: expected:&lt;1&gt; but was:&lt;0&gt;
                	at org.junit.Assert.fail(Assert.java:88)
                	at org.junit.Assert.failNotEquals(Assert.java:834)
                	at org.junit.Assert.assertEquals(Assert.java:645)
                	at org.junit.Assert.assertEquals(Assert.java:631)
                	at com.mbt.PongPongModelAdvanced.e_addFile(PongPongModelAdvanced.java:97)
                	at jdk.nashorn.internal.scripts.Script$Recompilation$19$580$\^eval\_.e_addFile(&lt;eval&gt;:1)
                	at jdk.nashorn.internal.scripts.Script$18$\^eval\_.:program(&lt;eval&gt;:1)
                	at jdk.nashorn.internal.runtime.ScriptFunctionData.invoke(ScriptFunctionData.java:637)
                	at jdk.nashorn.internal.runtime.ScriptFunction.invoke(ScriptFunction.java:494)
                	at jdk.nashorn.internal.runtime.ScriptRuntime.apply(ScriptRuntime.java:393)
                	at jdk.nashorn.api.scripting.NashornScriptEngine.evalImpl(NashornScriptEngine.java:449)
                	at jdk.nashorn.api.scripting.NashornScriptEngine.evalImpl(NashornScriptEngine.java:406)
                	at jdk.nashorn.api.scripting.NashornScriptEngine.evalImpl(NashornScriptEngine.java:402)
                	at jdk.nashorn.api.scripting.NashornScriptEngine.eval(NashornScriptEngine.java:155)
                	at javax.script.AbstractScriptEngine.eval(AbstractScriptEngine.java:264)
                	at org.graphwalker.core.machine.ExecutionContext.execute(ExecutionContext.java:300)
                	at org.graphwalker.core.machine.SimpleMachine.execute(SimpleMachine.java:278)
                	at org.graphwalker.core.machine.SimpleMachine.execute(SimpleMachine.java:267)
                	at org.graphwalker.core.machine.SimpleMachine.getNextStep(SimpleMachine.java:105)
                	at org.graphwalker.java.test.TestExecutor.execute(TestExecutor.java:199)
                	at sun.reflect.NativeMethodAccessorImpl.invoke0(Native Method)
                	at sun.reflect.NativeMethodAccessorImpl.invoke(NativeMethodAccessorImpl.java:62)
                	at sun.reflect.DelegatingMethodAccessorImpl.invoke(DelegatingMethodAccessorImpl.java:43)
                	at java.lang.reflect.Method.invoke(Method.java:498)
                	at org.graphwalker.java.test.Reflections.invoke(Reflections.java:74)
                	at org.graphwalker.java.test.Reflector.execute(Reflector.java:125)
                	at org.graphwalker.maven.plugin.TestMojo.execute(TestMojo.java:153)
                	at org.apache.maven.plugin.DefaultBuildPluginManager.executeMojo(DefaultBuildPluginManager.java:134)
                	at org.apache.maven.lifecycle.internal.MojoExecutor.execute(MojoExecutor.java:208)
                	at org.apache.maven.lifecycle.internal.MojoExecutor.execute(MojoExecutor.java:154)
                	at org.apache.maven.lifecycle.internal.MojoExecutor.execute(MojoExecutor.java:146)
                	at org.apache.maven.lifecycle.internal.LifecycleModuleBuilder.buildProject(LifecycleModuleBuilder.java:117)
                	at org.apache.maven.lifecycle.internal.LifecycleModuleBuilder.buildProject(LifecycleModuleBuilder.java:81)
                	at org.apache.maven.lifecycle.internal.builder.singlethreaded.SingleThreadedBuilder.build(SingleThreadedBuilder.java:51)
                	at org.apache.maven.lifecycle.internal.LifecycleStarter.execute(LifecycleStarter.java:128)
                	at org.apache.maven.DefaultMaven.doExecute(DefaultMaven.java:309)
                	at org.apache.maven.DefaultMaven.doExecute(DefaultMaven.java:194)
                	at org.apache.maven.DefaultMaven.execute(DefaultMaven.java:107)
                	at org.apache.maven.cli.MavenCli.execute(MavenCli.java:955)
                	at org.apache.maven.cli.MavenCli.doMain(MavenCli.java:290)
                	at org.apache.maven.cli.MavenCli.main(MavenCli.java:194)
                	at sun.reflect.NativeMethodAccessorImpl.invoke0(Native Method)
                	at sun.reflect.NativeMethodAccessorImpl.invoke(NativeMethodAccessorImpl.java:62)
                	at sun.reflect.DelegatingMethodAccessorImpl.invoke(DelegatingMethodAccessorImpl.java:43)
                	at java.lang.reflect.Method.invoke(Method.java:498)
                	at org.codehaus.plexus.classworlds.launcher.Launcher.launchEnhanced(Launcher.java:289)
                	at org.codehaus.plexus.classworlds.launcher.Launcher.launch(Launcher.java:229)
                	at org.codehaus.plexus.classworlds.launcher.Launcher.mainWithExitCode(Launcher.java:415)
                	at org.codehaus.plexus.classworlds.launcher.Launcher.main(Launcher.java:356)
</error>
        </testcase>
        <testcase name="PongPongModelDual" time="0.167" classname="com.mbt.PongPongModelDual">
            <failure type="Not fulfilled" message="0"/>
        </testcase>
        <testcase name="PongPongModel" time="0.167" classname="com.mbt.PongPongModel">
            <failure type="Not fulfilled" message="0"/>
        </testcase>
    </testsuite>
</testsuites>
